2025-06-09 12:00:04,022 - INFO - Starting Amazon scraper
2025-06-09 12:00:04,023 - INFO - Fetching free proxies...
2025-06-09 12:00:06,012 - INFO - Found 600 potential proxies
2025-06-09 12:13:18,210 - INFO - Starting Amazon scraper
2025-06-09 12:13:18,211 - INFO - Fetching free proxies...
2025-06-09 12:13:21,698 - INFO - Found 600 potential proxies
2025-06-09 12:17:59,594 - INFO - Validated 6 working proxies
2025-06-09 12:18:01,161 - INFO - Successfully parsed robots.txt
2025-06-09 12:20:17,940 - INFO - Searching for products: Pre-loved jewelry
2025-06-09 12:20:21,554 - INFO - Request to https://www.amazon.com/s?k=Pre-loved+jewelry (Attempt 1/3, Proxy: http://23.237.210.82:80)
2025-06-09 12:20:22,848 - WARNING - HTTP Error: 202
2025-06-09 12:20:36,688 - INFO - Request to https://www.amazon.com/s?k=Pre-loved+jewelry (Attempt 2/3, Proxy: http://139.59.1.14:80)
2025-06-09 12:20:52,141 - WARNING - Request failed: HTTPSConnectionPool(host='www.amazon.com', port=443): Read timed out. (read timeout=15)
2025-06-09 12:21:00,064 - INFO - Request to https://www.amazon.com/s?k=Pre-loved+jewelry (Attempt 3/3, Proxy: None)
2025-06-09 12:21:01,268 - WARNING - Request blocked or CAPTCHA encountered
2025-06-09 12:21:01,268 - ERROR - All 3 attempts failed for https://www.amazon.com/s?k=Pre-loved+jewelry
2025-06-09 12:21:01,268 - ERROR - Failed to retrieve search page 1: Failed after 3 attempts
2025-06-09 12:21:06,743 - INFO - Request to https://www.amazon.com/s?k=Pre-loved+jewelry&page=2 (Attempt 1/3, Proxy: None)
2025-06-09 12:21:09,090 - INFO - Found 20 products on page 2
2025-06-09 12:21:13,353 - INFO - Request to https://www.amazon.com/s?k=Pre-loved+jewelry&page=3 (Attempt 1/3, Proxy: None)
2025-06-09 12:21:15,198 - INFO - Found 48 products on page 3
2025-06-09 12:21:20,593 - INFO - Request to https://www.amazon.com/s?k=Pre-loved+jewelry&page=4 (Attempt 1/3, Proxy: http://139.59.1.14:80)
2025-06-09 12:21:36,062 - WARNING - Request failed: HTTPSConnectionPool(host='www.amazon.com', port=443): Read timed out. (read timeout=15)
2025-06-09 12:21:45,154 - INFO - Request to https://www.amazon.com/s?k=Pre-loved+jewelry&page=4 (Attempt 2/3, Proxy: http://134.209.29.120:80)
2025-06-09 12:22:00,460 - WARNING - Request failed: HTTPSConnectionPool(host='www.amazon.com', port=443): Read timed out. (read timeout=15)
2025-06-09 12:22:10,525 - INFO - Request to https://www.amazon.com/s?k=Pre-loved+jewelry&page=4 (Attempt 3/3, Proxy: None)
2025-06-09 12:22:12,354 - INFO - Found 20 products on page 4
2025-06-09 12:22:18,443 - INFO - Request to https://www.amazon.com/s?k=Pre-loved+jewelry&page=5 (Attempt 1/3, Proxy: http://138.68.60.8:80)
2025-06-09 12:22:33,733 - WARNING - Request failed: HTTPSConnectionPool(host='www.amazon.com', port=443): Read timed out. (read timeout=15)
2025-06-09 12:22:44,647 - INFO - Request to https://www.amazon.com/s?k=Pre-loved+jewelry&page=5 (Attempt 2/3, Proxy: None)
2025-06-09 12:22:46,504 - INFO - Found 20 products on page 5
2025-06-09 12:22:51,975 - INFO - Request to https://www.amazon.com/s?k=Pre-loved+jewelry&page=6 (Attempt 1/3, Proxy: None)
2025-06-09 12:22:53,875 - INFO - Found 20 products on page 6
2025-06-09 12:22:59,691 - INFO - Request to https://www.amazon.com/s?k=Pre-loved+jewelry&page=7 (Attempt 1/3, Proxy: http://138.68.60.8:80)
2025-06-09 12:23:14,981 - WARNING - Request failed: HTTPSConnectionPool(host='www.amazon.com', port=443): Read timed out. (read timeout=15)
2025-06-09 12:23:24,109 - INFO - Request to https://www.amazon.com/s?k=Pre-loved+jewelry&page=7 (Attempt 2/3, Proxy: http://23.237.210.82:80)
2025-06-09 12:23:39,625 - WARNING - Request failed: HTTPSConnectionPool(host='www.amazon.com', port=443): Read timed out. (read timeout=15)
2025-06-09 12:23:50,756 - INFO - Request to https://www.amazon.com/s?k=Pre-loved+jewelry&page=7 (Attempt 3/3, Proxy: http://8.219.97.248:80)
2025-06-09 12:23:51,756 - WARNING - Request failed: HTTPSConnectionPool(host='www.amazon.com', port=443): Max retries exceeded with url: /s?k=Pre-loved+jewelry&page=7 (Caused by ProxyError('Unable to connect to proxy', OSError('Tunnel connection failed: 502 Bad Gateway')))
2025-06-09 12:24:00,253 - ERROR - All 3 attempts failed for https://www.amazon.com/s?k=Pre-loved+jewelry&page=7
2025-06-09 12:24:00,253 - ERROR - Failed to retrieve search page 7: Failed after 3 attempts
2025-06-09 12:24:06,433 - INFO - Request to https://www.amazon.com/s?k=Pre-loved+jewelry&page=8 (Attempt 1/3, Proxy: None)
2025-06-09 12:24:07,689 - WARNING - No product cards found on page 8
2025-06-09 12:24:07,690 - INFO - Found 0 product URLs
2025-06-09 12:25:08,702 - INFO - Starting Amazon scraper
2025-06-09 12:25:08,702 - INFO - Fetching free proxies...
2025-06-09 12:25:12,317 - INFO - Found 600 potential proxies
2025-06-09 12:29:52,033 - INFO - Validated 7 working proxies
2025-06-09 12:29:54,118 - INFO - Successfully parsed robots.txt
2025-06-09 12:30:48,732 - INFO - Searching for products: airpods
2025-06-09 12:30:52,269 - INFO - Request to https://www.amazon.com/s?k=airpods (Attempt 1/3, Proxy: http://138.68.60.8:80)
2025-06-09 12:31:07,573 - WARNING - Request failed: HTTPSConnectionPool(host='www.amazon.com', port=443): Read timed out. (read timeout=15)
2025-06-09 12:31:19,557 - INFO - Request to https://www.amazon.com/s?k=airpods (Attempt 2/3, Proxy: http://138.68.60.8:80)
2025-06-09 12:31:34,857 - WARNING - Request failed: HTTPSConnectionPool(host='www.amazon.com', port=443): Read timed out. (read timeout=15)
2025-06-09 12:31:44,742 - INFO - Request to https://www.amazon.com/s?k=airpods (Attempt 3/3, Proxy: http://138.68.60.8:80)
2025-06-09 12:32:00,037 - WARNING - Request failed: HTTPSConnectionPool(host='www.amazon.com', port=443): Read timed out. (read timeout=15)
2025-06-09 12:32:12,068 - ERROR - All 3 attempts failed for https://www.amazon.com/s?k=airpods
2025-06-09 12:32:12,068 - ERROR - Failed to retrieve search page 1: Failed after 3 attempts
2025-06-09 12:32:15,098 - INFO - Request to https://www.amazon.com/s?k=airpods&page=2 (Attempt 1/3, Proxy: http://138.68.60.8:80)
2025-06-09 12:32:30,392 - WARNING - Request failed: HTTPSConnectionPool(host='www.amazon.com', port=443): Read timed out. (read timeout=15)
2025-06-09 12:32:39,432 - INFO - Request to https://www.amazon.com/s?k=airpods&page=2 (Attempt 2/3, Proxy: http://139.59.1.14:80)
2025-06-09 12:32:54,885 - WARNING - Request failed: HTTPSConnectionPool(host='www.amazon.com', port=443): Read timed out. (read timeout=15)
2025-06-09 12:33:07,923 - INFO - Request to https://www.amazon.com/s?k=airpods&page=2 (Attempt 3/3, Proxy: http://139.59.1.14:80)
2025-06-09 12:33:23,392 - WARNING - Request failed: HTTPSConnectionPool(host='www.amazon.com', port=443): Read timed out. (read timeout=15)
2025-06-09 12:33:32,386 - ERROR - All 3 attempts failed for https://www.amazon.com/s?k=airpods&page=2
2025-06-09 12:33:32,386 - ERROR - Failed to retrieve search page 2: Failed after 3 attempts
2025-06-09 12:33:36,349 - INFO - Request to https://www.amazon.com/s?k=airpods&page=3 (Attempt 1/3, Proxy: http://138.68.60.8:80)
2025-06-09 12:33:51,644 - WARNING - Request failed: HTTPSConnectionPool(host='www.amazon.com', port=443): Read timed out. (read timeout=15)
2025-06-09 12:34:01,831 - INFO - Request to https://www.amazon.com/s?k=airpods&page=3 (Attempt 2/3, Proxy: http://23.237.210.82:80)
2025-06-09 12:34:03,124 - WARNING - HTTP Error: 202
2025-06-09 12:34:11,673 - INFO - Request to https://www.amazon.com/s?k=airpods&page=3 (Attempt 3/3, Proxy: http://23.237.210.82:80)
2025-06-09 12:34:11,934 - WARNING - HTTP Error: 202
2025-06-09 12:34:22,442 - ERROR - All 3 attempts failed for https://www.amazon.com/s?k=airpods&page=3
2025-06-09 12:34:22,442 - ERROR - Failed to retrieve search page 3: Failed after 3 attempts
2025-06-09 12:34:28,348 - INFO - Request to https://www.amazon.com/s?k=airpods&page=4 (Attempt 1/3, Proxy: http://23.237.210.82:80)
2025-06-09 12:34:28,609 - WARNING - HTTP Error: 202
2025-06-09 12:34:39,408 - INFO - Request to https://www.amazon.com/s?k=airpods&page=4 (Attempt 2/3, Proxy: http://138.68.60.8:80)
2025-06-09 12:34:54,703 - WARNING - Request failed: HTTPSConnectionPool(host='www.amazon.com', port=443): Read timed out. (read timeout=15)
2025-06-09 12:35:04,490 - INFO - Request to https://www.amazon.com/s?k=airpods&page=4 (Attempt 3/3, Proxy: http://134.209.29.120:80)
2025-06-09 12:35:19,794 - WARNING - Request failed: HTTPSConnectionPool(host='www.amazon.com', port=443): Read timed out. (read timeout=15)
2025-06-09 12:35:29,574 - ERROR - All 3 attempts failed for https://www.amazon.com/s?k=airpods&page=4
2025-06-09 12:35:29,574 - ERROR - Failed to retrieve search page 4: Failed after 3 attempts
2025-06-09 12:35:35,681 - INFO - Request to https://www.amazon.com/s?k=airpods&page=5 (Attempt 1/3, Proxy: http://8.219.97.248:80)
2025-06-09 12:35:36,682 - WARNING - Request failed: HTTPSConnectionPool(host='www.amazon.com', port=443): Max retries exceeded with url: /s?k=airpods&page=5 (Caused by ProxyError('Unable to connect to proxy', OSError('Tunnel connection failed: 502 Bad Gateway')))
2025-06-09 12:35:48,795 - INFO - Request to https://www.amazon.com/s?k=airpods&page=5 (Attempt 2/3, Proxy: http://8.219.97.248:80)
2025-06-09 12:36:04,373 - WARNING - Request failed: HTTPSConnectionPool(host='www.amazon.com', port=443): Max retries exceeded with url: /s?k=airpods&page=5 (Caused by SSLError(SSLEOFError(8, '[SSL: UNEXPECTED_EOF_WHILE_READING] EOF occurred in violation of protocol (_ssl.c:1017)')))
2025-06-09 12:36:15,241 - INFO - Request to https://www.amazon.com/s?k=airpods&page=5 (Attempt 3/3, Proxy: None)
2025-06-09 12:36:17,937 - INFO - Found 16 products on page 5
2025-06-09 12:36:24,940 - INFO - Request to https://www.amazon.com/s?k=airpods&page=6 (Attempt 1/3, Proxy: http://138.68.60.8:80)
2025-06-09 12:36:40,236 - WARNING - Request failed: HTTPSConnectionPool(host='www.amazon.com', port=443): Read timed out. (read timeout=15)
2025-06-09 12:36:48,912 - INFO - Request to https://www.amazon.com/s?k=airpods&page=6 (Attempt 2/3, Proxy: http://23.237.210.82:80)
2025-06-09 12:36:50,205 - WARNING - HTTP Error: 202
2025-06-09 12:37:03,314 - INFO - Request to https://www.amazon.com/s?k=airpods&page=6 (Attempt 3/3, Proxy: http://134.209.29.120:80)
2025-06-09 12:37:18,625 - WARNING - Request failed: HTTPSConnectionPool(host='www.amazon.com', port=443): Read timed out. (read timeout=15)
2025-06-09 12:37:32,016 - ERROR - All 3 attempts failed for https://www.amazon.com/s?k=airpods&page=6
2025-06-09 12:37:32,016 - ERROR - Failed to retrieve search page 6: Failed after 3 attempts
2025-06-09 12:37:38,879 - INFO - Request to https://www.amazon.com/s?k=airpods&page=7 (Attempt 1/3, Proxy: http://138.68.60.8:80)
2025-06-09 12:37:54,173 - WARNING - Request failed: HTTPSConnectionPool(host='www.amazon.com', port=443): Read timed out. (read timeout=15)
2025-06-09 12:38:08,016 - INFO - Request to https://www.amazon.com/s?k=airpods&page=7 (Attempt 2/3, Proxy: None)
2025-06-09 12:38:10,009 - INFO - Found 14 products on page 7
2025-06-09 12:38:13,701 - INFO - Request to https://www.amazon.com/s?k=airpods&page=8 (Attempt 1/3, Proxy: http://23.237.210.82:80)
2025-06-09 12:38:14,995 - WARNING - HTTP Error: 202
2025-06-09 12:38:25,848 - INFO - Request to https://www.amazon.com/s?k=airpods&page=8 (Attempt 2/3, Proxy: http://138.68.60.8:80)
2025-06-09 12:38:41,148 - WARNING - Request failed: HTTPSConnectionPool(host='www.amazon.com', port=443): Read timed out. (read timeout=15)
2025-06-09 12:38:49,447 - INFO - Request to https://www.amazon.com/s?k=airpods&page=8 (Attempt 3/3, Proxy: http://138.68.60.8:80)
2025-06-09 12:39:04,742 - WARNING - Request failed: HTTPSConnectionPool(host='www.amazon.com', port=443): Read timed out. (read timeout=15)
2025-06-09 12:39:13,944 - ERROR - All 3 attempts failed for https://www.amazon.com/s?k=airpods&page=8
2025-06-09 12:39:13,944 - ERROR - Failed to retrieve search page 8: Failed after 3 attempts
2025-06-09 12:39:20,802 - INFO - Request to https://www.amazon.com/s?k=airpods&page=9 (Attempt 1/3, Proxy: http://138.68.60.8:80)
2025-06-09 12:39:36,095 - WARNING - Request failed: HTTPSConnectionPool(host='www.amazon.com', port=443): Read timed out. (read timeout=15)
2025-06-09 12:39:42,691 - INFO - Request to https://www.amazon.com/s?k=airpods&page=9 (Attempt 2/3, Proxy: http://23.237.210.82:80)
2025-06-09 12:39:45,853 - INFO - Found 14 products on page 9
2025-06-09 12:39:51,817 - INFO - Request to https://www.amazon.com/s?k=airpods&page=10 (Attempt 1/3, Proxy: http://23.237.210.82:80)
2025-06-09 12:39:54,070 - INFO - Found 14 products on page 10
2025-06-09 12:39:54,070 - INFO - Found 0 product URLs
2025-06-09 13:46:16,642 - INFO - Successfully parsed robots.txt
2025-06-09 13:46:16,642 - INFO - Processing search page 1/2
2025-06-09 13:49:10,260 - INFO - Starting Amazon scraper
2025-06-09 13:49:10,261 - INFO - Fetching free proxies...
2025-06-09 13:49:13,938 - INFO - Found 600 potential proxies
2025-06-09 13:53:52,208 - INFO - Validated 5 working proxies
2025-06-09 13:53:53,979 - INFO - Successfully parsed robots.txt
2025-06-09 13:55:45,797 - INFO - Searching for products: airpods
2025-06-09 13:55:51,574 - INFO - Request to https://www.amazon.com/s?k=airpods (Attempt 1/3, Proxy: http://138.68.60.8:80)
2025-06-09 13:56:06,869 - WARNING - Request failed: HTTPSConnectionPool(host='www.amazon.com', port=443): Read timed out. (read timeout=15)
2025-06-09 13:56:06,869 - INFO - Backing off for 6.05 seconds
2025-06-09 13:56:12,926 - INFO - Request to https://www.amazon.com/s?k=airpods (Attempt 2/3, Proxy: None)
2025-06-09 13:56:14,329 - WARNING - Request blocked or CAPTCHA encountered
2025-06-09 13:56:14,338 - INFO - Request to https://www.amazon.com/s?k=airpods (Attempt 3/3, Proxy: http://134.209.29.120:80)
2025-06-09 13:56:29,641 - WARNING - Request failed: HTTPSConnectionPool(host='www.amazon.com', port=443): Read timed out. (read timeout=15)
2025-06-09 13:56:29,641 - INFO - Backing off for 15.69 seconds
2025-06-09 13:56:45,332 - ERROR - All 3 attempts failed for https://www.amazon.com/s?k=airpods
2025-06-09 13:56:45,332 - ERROR - Failed to retrieve search page 1: Failed after 3 attempts
2025-06-09 13:56:45,332 - INFO - Found 0 product URLs
2025-06-09 14:01:00,258 - INFO - Starting Amazon scraper
2025-06-09 14:01:00,259 - INFO - Fetching free proxies...
2025-06-09 14:01:03,744 - INFO - Found 600 potential proxies
2025-06-09 14:02:00,155 - INFO - Successfully parsed robots.txt
2025-06-09 14:03:27,982 - INFO - Enhanced search for: danomatic shirt for women
2025-06-09 14:03:27,983 - INFO - Processing search page 1/1
2025-06-09 14:03:27,983 - INFO - Warming up session...
2025-06-09 14:03:27,983 - INFO - Request #2, waiting 3.2s
2025-06-09 14:03:36,253 - INFO - Request to https://www.amazon.com (Attempt 1/3, Proxy: None)
2025-06-09 14:03:38,442 - INFO - \u2713 Homepage visit successful
2025-06-09 14:03:43,030 - INFO - Request #3, waiting 9.0s
2025-06-09 14:04:01,648 - INFO - Request to https://www.amazon.com/gp/bestsellers (Attempt 1/3, Proxy: None)
2025-06-09 14:04:02,661 - INFO - \u2713 Category page visit successful
2025-06-09 14:04:05,311 - INFO - Session warm-up completed
2025-06-09 14:04:05,311 - INFO - Request #3, waiting 8.0s
2025-06-09 14:04:23,323 - INFO - Request to https://www.amazon.com/s?k=danomatic+shirt+for+women (Attempt 1/3, Proxy: None)
2025-06-09 14:04:24,843 - INFO - Found 11 product cards using selector: div.s-result-item[data-asin]
2025-06-09 14:04:24,938 - INFO - Found 3 product URLs on page 1
2025-06-09 14:04:24,938 - INFO - Total unique product URLs found: 3
2025-06-09 14:04:24,939 - INFO - Request #4, waiting 8.2s
2025-06-09 14:04:45,754 - INFO - Request to https://aax-us-iad.amazon.com/x/c/JJg3IWC9e5q89jCCn-W0clcAAAGXU_AUKgEAAAH2AQBvbm9fdHhuX2JpZDEgICBvbm9fdHhuX2ltcDIgICBmfxV9/https://www.amazon.com/33-000ft-Protection-Fishing-Cooling/dp/B09LQZNXR2/ref=sxin_30_sbv_search_btf (Attempt 1/3, Proxy: None)
2025-06-09 14:08:49,602 - INFO - Successfully parsed robots.txt
2025-06-09 14:09:01,302 - INFO - Enhanced search for: danomatic shirt for women
2025-06-09 14:09:01,303 - INFO - Processing search page 1/8
2025-06-09 14:09:01,303 - INFO - Warming up session...
2025-06-09 14:09:01,303 - INFO - Request #2, waiting 3.6s
2025-06-09 14:09:19,993 - INFO - Request to https://www.amazon.com (Attempt 1/3, Proxy: None)
2025-06-09 14:09:20,889 - WARNING - Request blocked or CAPTCHA encountered
2025-06-09 14:09:20,898 - INFO - Request to https://www.amazon.com (Attempt 2/3, Proxy: None)
2025-06-09 14:09:21,995 - INFO - \u2713 Homepage visit successful
2025-06-09 14:09:27,025 - INFO - Request #3, waiting 7.7s
2025-06-09 14:09:43,775 - INFO - Request to https://www.amazon.com/gp/bestsellers (Attempt 1/3, Proxy: None)
2025-06-09 14:09:44,842 - INFO - \u2713 Category page visit successful
2025-06-09 14:09:48,125 - INFO - Session warm-up completed
2025-06-09 14:09:48,125 - INFO - Request #3, waiting 7.9s
2025-06-09 14:10:11,502 - INFO - Request to https://www.amazon.com/s?k=danomatic+shirt+for+women (Attempt 1/3, Proxy: None)
2025-06-09 14:10:14,763 - INFO - Found 6 product cards using selector: div.s-result-item[data-asin]
2025-06-09 14:10:14,836 - INFO - Found 4 product URLs on page 1
2025-06-09 14:10:14,836 - INFO - Processing search page 2/8
2025-06-09 14:10:14,836 - INFO - Request #4, waiting 7.3s
2025-06-09 14:10:32,060 - INFO - Request to https://www.amazon.com/s?k=danomatic+shirt+for+women&page=2 (Attempt 1/3, Proxy: None)
2025-06-09 14:10:33,251 - INFO - Found 6 product cards using selector: div.s-result-item[data-asin]
2025-06-09 14:10:33,315 - INFO - Found 4 product URLs on page 2
2025-06-09 14:10:33,316 - INFO - Processing search page 3/8
2025-06-09 14:10:33,316 - INFO - Request #5, waiting 8.0s
2025-06-09 14:10:47,325 - INFO - Request to https://www.amazon.com/s?k=danomatic+shirt+for+women&page=3 (Attempt 1/3, Proxy: None)
2025-06-09 14:10:48,874 - INFO - Found 6 product cards using selector: div.s-result-item[data-asin]
2025-06-09 14:10:48,946 - INFO - Found 6 product URLs on page 3
2025-06-09 14:10:48,946 - INFO - Processing search page 4/8
2025-06-09 14:10:48,946 - INFO - Request #6, waiting 10.3s
2025-06-09 14:11:04,385 - INFO - Request to https://www.amazon.com/s?k=danomatic+shirt+for+women&page=4 (Attempt 1/3, Proxy: None)
2025-06-09 14:11:05,865 - INFO - Found 6 product cards using selector: div.s-result-item[data-asin]
2025-06-09 14:11:05,931 - INFO - Found 5 product URLs on page 4
2025-06-09 14:11:05,931 - INFO - Processing search page 5/8
2025-06-09 14:11:05,931 - INFO - Request #7, waiting 12.0s
2025-06-09 14:11:33,392 - INFO - Request to https://www.amazon.com/s?k=danomatic+shirt+for+women&page=5 (Attempt 1/3, Proxy: None)
2025-06-09 14:11:34,430 - INFO - Found 6 product cards using selector: div.s-result-item[data-asin]
2025-06-09 14:11:34,490 - INFO - Found 3 product URLs on page 5
2025-06-09 14:11:34,491 - INFO - Processing search page 6/8
2025-06-09 14:11:34,491 - INFO - Request #8, waiting 11.8s
2025-06-09 14:11:52,727 - INFO - Request to https://www.amazon.com/s?k=danomatic+shirt+for+women&page=6 (Attempt 1/3, Proxy: None)
2025-06-09 14:11:54,218 - INFO - Found 7 product cards using selector: div.s-result-item[data-asin]
2025-06-09 14:11:54,298 - INFO - Found 6 product URLs on page 6
2025-06-09 14:11:54,298 - INFO - Processing search page 7/8
2025-06-09 14:11:54,298 - INFO - Request #9, waiting 11.2s
2025-06-09 14:12:18,127 - INFO - Request to https://www.amazon.com/s?k=danomatic+shirt+for+women&page=7 (Attempt 1/3, Proxy: None)
2025-06-09 14:12:19,987 - INFO - Found 7 product cards using selector: div.s-result-item[data-asin]
2025-06-09 14:12:20,058 - INFO - Found 5 product URLs on page 7
2025-06-09 14:12:20,059 - INFO - Processing search page 8/8
2025-06-09 14:12:20,059 - INFO - Request #10, waiting 9.1s
2025-06-09 14:12:39,523 - INFO - Request to https://www.amazon.com/s?k=danomatic+shirt+for+women&page=8 (Attempt 1/3, Proxy: None)
2025-06-09 14:12:41,014 - INFO - Found 6 product cards using selector: div.s-result-item[data-asin]
2025-06-09 14:12:41,134 - INFO - Found 6 product URLs on page 8
2025-06-09 14:12:41,135 - INFO - Total unique product URLs found: 39
2025-06-09 14:12:41,135 - INFO - Filtering advertisement URL: https://aax-us-iad.amazon.com/x/c/JEEN4jVMkuGF-GbKkRiSkBQAAA...
2025-06-09 14:12:41,136 - INFO - Extracted clean URL: https://www.amazon.com/dp/B0D6FM52JG
2025-06-09 14:12:41,136 - INFO - Filtering advertisement URL: https://aax-us-iad.amazon.com/x/c/JK7WtiOTRaFyErHXzDhbMyoAAA...
2025-06-09 14:12:41,137 - INFO - Extracted clean URL: https://www.amazon.com/dp/B0D95PZXCQ
2025-06-09 14:12:41,137 - INFO - Filtering advertisement URL: https://aax-us-iad.amazon.com/x/c/JC3k8dVNA7VTVLAkUASmaIwAAA...
2025-06-09 14:12:41,137 - INFO - Extracted clean URL: https://www.amazon.com/dp/B0BWRX2JM9
2025-06-09 14:12:41,137 - INFO - Filtering advertisement URL: https://aax-us-iad.amazon.com/x/c/JK7vvhXa6AkuyX02p5nQ8woAAA...
2025-06-09 14:12:41,138 - INFO - Extracted clean URL: https://www.amazon.com/dp/B0DK6YBRP7
2025-06-09 14:12:41,138 - INFO - Filtering advertisement URL: https://aax-us-iad.amazon.com/x/c/JBQpOPPx6KgwAW3Np6uwoQsAAA...
2025-06-09 14:12:41,138 - INFO - Extracted clean URL: https://www.amazon.com/dp/B0D6FM52JG
2025-06-09 14:12:41,138 - INFO - Filtering advertisement URL: https://aax-us-iad.amazon.com/x/c/JICW5bVhL_GrAXHpRYZ6sKYAAA...
2025-06-09 14:12:41,138 - INFO - Extracted clean URL: https://www.amazon.com/dp/B0DK6YBRP7
2025-06-09 14:12:41,139 - INFO - Filtering advertisement URL: https://aax-us-iad.amazon.com/x/c/JN9KitcrJ-t2CepSlyNJUcAAAA...
2025-06-09 14:12:41,139 - INFO - Extracted clean URL: https://www.amazon.com/dp/B0D95PZXCQ
2025-06-09 14:12:41,139 - INFO - Filtering advertisement URL: https://aax-us-iad.amazon.com/x/c/JN9KitcrJ-t2CepSlyNJUcAAAA...
2025-06-09 14:12:41,139 - INFO - Extracted clean URL: https://www.amazon.com/dp/B0D95PZXCQ
2025-06-09 14:12:41,140 - INFO - Filtering advertisement URL: https://aax-us-iad.amazon.com/x/c/JC3k8dVNA7VTVLAkUASmaIwAAA...
2025-06-09 14:12:41,140 - INFO - Extracted clean URL: https://www.amazon.com/dp/B08TQGX22Q
2025-06-09 14:12:41,140 - INFO - Filtering advertisement URL: https://aax-us-iad.amazon.com/x/c/JGDtejmY19FPysOMl9tIdM8AAA...
2025-06-09 14:12:41,140 - INFO - Extracted clean URL: https://www.amazon.com/dp/B0DGLSHW46
2025-06-09 14:12:41,141 - INFO - Filtering advertisement URL: https://aax-us-iad.amazon.com/x/c/JMugZoDKaJ1Pv9Y2oek0BosAAA...
2025-06-09 14:12:41,141 - INFO - Extracted clean URL: https://www.amazon.com/dp/B08TQGX22Q
2025-06-09 14:12:41,141 - INFO - Filtering advertisement URL: https://aax-us-iad.amazon.com/x/c/JAaCpEtSpXmLI_llo1uqFBkAAA...
2025-06-09 14:12:41,141 - INFO - Extracted clean URL: https://www.amazon.com/dp/B0DK6YBRP7
2025-06-09 14:12:41,142 - INFO - Filtering advertisement URL: https://aax-us-iad.amazon.com/x/c/JNa0joLgjxsaPLtr-U8f1o4AAA...
2025-06-09 14:12:41,142 - INFO - Extracted clean URL: https://www.amazon.com/dp/B0DK6YBRP7
2025-06-09 14:12:41,142 - INFO - Filtering advertisement URL: https://aax-us-iad.amazon.com/x/c/JAcJ-GX7fXN8-kfB4Ze82VYAAA...
2025-06-09 14:12:41,142 - INFO - Extracted clean URL: https://www.amazon.com/dp/B0CJM5ZKFX
2025-06-09 14:12:41,142 - INFO - Filtering advertisement URL: https://aax-us-iad.amazon.com/x/c/JCpHHulJa-VbBeHKrbKSJzYAAA...
2025-06-09 14:12:41,143 - INFO - Extracted clean URL: https://www.amazon.com/dp/B08TQGX22Q
2025-06-09 14:12:41,143 - INFO - Filtering advertisement URL: https://aax-us-iad.amazon.com/x/c/JK7vvhXa6AkuyX02p5nQ8woAAA...
2025-06-09 14:12:41,143 - INFO - Extracted clean URL: https://www.amazon.com/dp/B0DK6YBRP7
2025-06-09 14:12:41,144 - INFO - Filtering advertisement URL: https://aax-us-iad.amazon.com/x/c/JMN091xplcOxT8y-N5S72isAAA...
2025-06-09 14:12:41,144 - INFO - Extracted clean URL: https://www.amazon.com/dp/B0CJM5ZKFX
2025-06-09 14:12:41,144 - INFO - Filtering advertisement URL: https://aax-us-iad.amazon.com/x/c/JBQpOPPx6KgwAW3Np6uwoQsAAA...
2025-06-09 14:12:41,144 - INFO - Extracted clean URL: https://www.amazon.com/dp/B0D6FM52JG
2025-06-09 14:12:41,144 - INFO - Filtering advertisement URL: https://aax-us-iad.amazon.com/x/c/JEPGsgXse7XAsb7pforzFUgAAA...
2025-06-09 14:12:41,145 - INFO - Extracted clean URL: https://www.amazon.com/dp/B09LQZNXR2
2025-06-09 14:12:41,145 - INFO - Filtering advertisement URL: https://aax-us-iad.amazon.com/x/c/JCWgZSuX8QiXai1ep1Yrl1EAAA...
2025-06-09 14:12:41,145 - INFO - Extracted clean URL: https://www.amazon.com/dp/B09LQQK5H4
2025-06-09 14:12:41,145 - INFO - Filtering advertisement URL: https://aax-us-iad.amazon.com/x/c/JMXrYxagv4EfvWKiUgWVLtcAAA...
2025-06-09 14:12:41,146 - INFO - Extracted clean URL: https://www.amazon.com/dp/B09LQZNXR2
2025-06-09 14:12:41,146 - INFO - Filtering advertisement URL: https://aax-us-iad.amazon.com/x/c/JPo0v5btDA5apu8ChLQ3ehUAAA...
2025-06-09 14:12:41,146 - INFO - Extracted clean URL: https://www.amazon.com/dp/B09LQZNXR2
2025-06-09 14:12:41,146 - INFO - Filtering advertisement URL: https://aax-us-iad.amazon.com/x/c/JEEN4jVMkuGF-GbKkRiSkBQAAA...
2025-06-09 14:12:41,147 - INFO - Extracted clean URL: https://www.amazon.com/dp/B0D6FM52JG
2025-06-09 14:12:41,147 - INFO - Filtering advertisement URL: https://aax-us-iad.amazon.com/x/c/JKGAlISKKM1n3jsH7wSl1yUAAA...
2025-06-09 14:12:41,147 - INFO - Extracted clean URL: https://www.amazon.com/dp/B0CJM5ZKFX
2025-06-09 14:12:41,147 - INFO - Filtering advertisement URL: https://aax-us-iad.amazon.com/x/c/JKGAlISKKM1n3jsH7wSl1yUAAA...
2025-06-09 14:12:41,148 - INFO - Extracted clean URL: https://www.amazon.com/dp/B0CJM5ZKFX
2025-06-09 14:12:41,148 - INFO - Filtering advertisement URL: https://aax-us-iad.amazon.com/x/c/JB1qPcyxkA2WGc3vnSNmCugAAA...
2025-06-09 14:12:41,148 - INFO - Extracted clean URL: https://www.amazon.com/dp/B09LQZNXR2
2025-06-09 14:12:41,148 - INFO - Filtering advertisement URL: https://aax-us-iad.amazon.com/x/c/JCpHHulJa-VbBeHKrbKSJzYAAA...
2025-06-09 14:12:41,149 - INFO - Extracted clean URL: https://www.amazon.com/dp/B0BWRX2JM9
2025-06-09 14:12:41,149 - INFO - Filtering advertisement URL: https://aax-us-iad.amazon.com/x/c/JAaCpEtSpXmLI_llo1uqFBkAAA...
2025-06-09 14:12:41,149 - INFO - Extracted clean URL: https://www.amazon.com/dp/B0DK6YBRP7
2025-06-09 14:12:41,150 - INFO - Filtering advertisement URL: https://aax-us-iad.amazon.com/x/c/JJXeenmhnpt-FVAeCDvr788AAA...
2025-06-09 14:12:41,150 - INFO - Extracted clean URL: https://www.amazon.com/dp/B09LQZNXR2
2025-06-09 14:12:41,151 - INFO - Filtering advertisement URL: https://aax-us-iad.amazon.com/x/c/JGq2J5Swth3UjGLs2azyiKcAAA...
2025-06-09 14:12:41,151 - INFO - Extracted clean URL: https://www.amazon.com/dp/B09LQZNXR2
2025-06-09 14:12:41,151 - INFO - Filtering advertisement URL: https://aax-us-iad.amazon.com/x/c/JICW5bVhL_GrAXHpRYZ6sKYAAA...
2025-06-09 14:12:41,152 - INFO - Extracted clean URL: https://www.amazon.com/dp/B0DK6YBRP7
2025-06-09 14:12:41,152 - INFO - Filtering advertisement URL: https://aax-us-iad.amazon.com/x/c/JCWgZSuX8QiXai1ep1Yrl1EAAA...
2025-06-09 14:12:41,152 - INFO - Extracted clean URL: https://www.amazon.com/dp/B09LQQK5H4
2025-06-09 14:12:41,152 - INFO - Filtering advertisement URL: https://aax-us-iad.amazon.com/x/c/JMugZoDKaJ1Pv9Y2oek0BosAAA...
2025-06-09 14:12:41,152 - INFO - Extracted clean URL: https://www.amazon.com/dp/B0BWRX2JM9
2025-06-09 14:12:41,152 - INFO - Filtering advertisement URL: https://aax-us-iad.amazon.com/x/c/JMN091xplcOxT8y-N5S72isAAA...
2025-06-09 14:12:41,152 - INFO - Extracted clean URL: https://www.amazon.com/dp/B0CJM5ZKFX
2025-06-09 14:12:41,152 - INFO - Filtering advertisement URL: https://aax-us-iad.amazon.com/x/c/JPo0v5btDA5apu8ChLQ3ehUAAA...
2025-06-09 14:12:41,153 - INFO - Extracted clean URL: https://www.amazon.com/dp/B09LQZNXR2
2025-06-09 14:12:41,153 - INFO - Filtering advertisement URL: https://aax-us-iad.amazon.com/x/c/JAcJ-GX7fXN8-kfB4Ze82VYAAA...
2025-06-09 14:12:41,153 - INFO - Extracted clean URL: https://www.amazon.com/dp/B0CJM5ZKFX
2025-06-09 14:12:41,153 - INFO - Filtering advertisement URL: https://aax-us-iad.amazon.com/x/c/JEPGsgXse7XAsb7pforzFUgAAA...
2025-06-09 14:12:41,153 - INFO - Extracted clean URL: https://www.amazon.com/dp/B09LQZNXR2
2025-06-09 14:12:41,153 - INFO - Filtering advertisement URL: https://aax-us-iad.amazon.com/x/c/JNa0joLgjxsaPLtr-U8f1o4AAA...
2025-06-09 14:12:41,153 - INFO - Extracted clean URL: https://www.amazon.com/dp/B0DK6YBRP7
2025-06-09 14:12:41,154 - INFO - Filtering advertisement URL: https://aax-us-iad.amazon.com/x/c/JK7WtiOTRaFyErHXzDhbMyoAAA...
2025-06-09 14:12:41,154 - INFO - Extracted clean URL: https://www.amazon.com/dp/B0D95PZXCQ
2025-06-09 14:12:41,154 - INFO - Filtered 0 advertisement URLs
2025-06-09 14:12:41,155 - INFO - Request #11, waiting 8.5s
2025-06-09 14:13:00,736 - INFO - Request to https://www.amazon.com/dp/B0D6FM52JG (Attempt 1/3, Proxy: None)
2025-06-09 14:42:51,413 - INFO - Starting Amazon scraper
2025-06-09 14:42:51,413 - INFO - Fetching free proxies...
2025-06-09 14:42:55,617 - INFO - Found 600 potential proxies
2025-06-09 14:53:27,873 - INFO - Successfully parsed robots.txt
2025-06-09 14:53:43,647 - INFO - Enhanced search for: danomatic shirt for women
2025-06-09 14:53:43,647 - INFO - Processing search page 1/20
2025-06-09 14:53:43,648 - INFO - Warming up session...
2025-06-09 14:53:43,648 - INFO - Request #2, waiting 5.7s
2025-06-09 14:54:02,811 - INFO - Request to https://www.amazon.com (Attempt 1/3, Proxy: None)
2025-06-09 14:54:04,857 - INFO - \u2713 Homepage visit successful
2025-06-09 14:54:08,284 - INFO - Request #3, waiting 6.1s
2025-06-09 14:54:27,732 - INFO - Request to https://www.amazon.com/gp/bestsellers (Attempt 1/3, Proxy: None)
2025-06-09 14:54:28,872 - INFO - \u2713 Category page visit successful
2025-06-09 14:54:32,400 - INFO - Session warm-up completed
2025-06-09 14:54:32,400 - INFO - Request #3, waiting 5.5s
2025-06-09 14:54:43,798 - INFO - Request to https://www.amazon.com/s?k=danomatic+shirt+for+women (Attempt 1/3, Proxy: None)
2025-06-09 14:54:45,157 - INFO - Found 12 product cards using selector: div[data-component-type="s-search-result"]
2025-06-09 14:54:45,349 - INFO - Found 31 product cards using selector: div.s-result-item[data-asin]
2025-06-09 14:54:45,762 - INFO - Found 25 product cards using selector: div[data-asin]:not([data-asin=""])
2025-06-09 14:54:46,041 - INFO - Found 22 product cards using selector: div.sg-col-4-of-12.s-result-item
2025-06-09 14:54:46,310 - INFO - Found 25 product cards using selector: div[data-uuid]
2025-06-09 14:54:46,698 - INFO - Primary selectors failed, trying link-based extraction
2025-06-09 14:54:46,712 - INFO - Found 1 product URLs on page 1
2025-06-09 14:54:46,713 - INFO - Processing search page 2/20
2025-06-09 14:54:46,713 - INFO - Request #4, waiting 9.2s
2025-06-09 14:55:07,950 - INFO - Request to https://www.amazon.com/s?k=danomatic+shirt+for+women&page=2 (Attempt 1/3, Proxy: None)
2025-06-09 14:55:09,099 - INFO - Found 12 product cards using selector: div[data-component-type="s-search-result"]
2025-06-09 14:55:09,273 - INFO - Found 19 product cards using selector: div.s-result-item[data-asin]
2025-06-09 14:55:09,451 - INFO - Found 3 product URLs on page 2
2025-06-09 14:55:09,451 - INFO - Processing search page 3/20
2025-06-09 14:55:09,451 - INFO - Request #5, waiting 8.8s
2025-06-09 14:55:23,530 - INFO - Request to https://www.amazon.com/s?k=danomatic+shirt+for+women&page=3 (Attempt 1/3, Proxy: None)
2025-06-09 14:55:25,216 - INFO - Found 6 product cards using selector: div[data-component-type="s-search-result"]
2025-06-09 14:55:25,299 - INFO - Found 14 product cards using selector: div.s-result-item[data-asin]
2025-06-09 14:55:25,426 - INFO - Found 6 product URLs on page 3
2025-06-09 14:55:25,426 - INFO - Processing search page 4/20
2025-06-09 14:55:25,426 - INFO - Request #6, waiting 13.0s
2025-06-09 14:55:49,758 - INFO - Request to https://www.amazon.com/s?k=danomatic+shirt+for+women&page=4 (Attempt 1/3, Proxy: None)
2025-06-09 14:55:51,474 - INFO - Found 6 product cards using selector: div[data-component-type="s-search-result"]
2025-06-09 14:55:51,562 - INFO - Found 15 product cards using selector: div.s-result-item[data-asin]
2025-06-09 14:55:51,688 - INFO - Found 5 product URLs on page 4
2025-06-09 14:55:51,689 - INFO - Processing search page 5/20
2025-06-09 14:55:51,689 - INFO - Request #7, waiting 8.6s
2025-06-09 14:56:06,369 - INFO - Request to https://www.amazon.com/s?k=danomatic+shirt+for+women&page=5 (Attempt 1/3, Proxy: None)
2025-06-09 14:56:08,069 - INFO - Found 6 product cards using selector: div[data-component-type="s-search-result"]
2025-06-09 14:56:08,152 - INFO - Found 14 product cards using selector: div.s-result-item[data-asin]
2025-06-09 14:56:08,272 - INFO - Found 4 product URLs on page 5
2025-06-09 14:56:08,272 - INFO - Processing search page 6/20
2025-06-09 14:56:08,272 - INFO - Request #8, waiting 11.5s
2025-06-09 14:56:35,207 - INFO - Request to https://www.amazon.com/s?k=danomatic+shirt+for+women&page=6 (Attempt 1/3, Proxy: None)
2025-06-09 14:56:37,142 - INFO - Found 6 product cards using selector: div[data-component-type="s-search-result"]
2025-06-09 14:56:37,238 - INFO - Found 15 product cards using selector: div.s-result-item[data-asin]
2025-06-09 14:56:37,376 - INFO - Found 6 product URLs on page 6
2025-06-09 14:56:37,376 - INFO - Processing search page 7/20
2025-06-09 14:56:37,376 - INFO - Request #9, waiting 14.4s
2025-06-09 14:56:56,514 - INFO - Request to https://www.amazon.com/s?k=danomatic+shirt+for+women&page=7 (Attempt 1/3, Proxy: None)
2025-06-09 14:56:57,763 - INFO - Found 12 product cards using selector: div[data-component-type="s-search-result"]
2025-06-09 14:56:57,945 - INFO - Found 19 product cards using selector: div.s-result-item[data-asin]
2025-06-09 14:56:58,129 - INFO - Found 3 product URLs on page 7
2025-06-09 14:56:58,129 - INFO - Processing search page 8/20
2025-06-09 14:56:58,129 - INFO - Request #10, waiting 9.4s
2025-06-09 14:57:12,176 - INFO - Request to https://www.amazon.com/s?k=danomatic+shirt+for+women&page=8 (Attempt 1/3, Proxy: None)
2025-06-09 14:57:13,494 - INFO - Found 4 product cards using selector: div[data-component-type="s-search-result"]
2025-06-09 14:57:13,568 - INFO - Found 11 product cards using selector: div.s-result-item[data-asin]
2025-06-09 14:57:13,666 - INFO - Found 2 product URLs on page 8
2025-06-09 14:57:13,666 - INFO - Processing search page 9/20
2025-06-09 14:57:13,666 - INFO - Request #11, waiting 8.4s
2025-06-09 14:57:31,752 - INFO - Request to https://www.amazon.com/s?k=danomatic+shirt+for+women&page=9 (Attempt 1/3, Proxy: None)
2025-06-09 14:57:33,645 - INFO - Found 6 product cards using selector: div[data-component-type="s-search-result"]
2025-06-09 14:57:33,729 - INFO - Found 14 product cards using selector: div.s-result-item[data-asin]
2025-06-09 14:57:33,855 - INFO - Found 6 product URLs on page 9
2025-06-09 14:57:33,856 - INFO - Processing search page 10/20
2025-06-09 14:57:33,856 - INFO - Request #12, waiting 14.4s
2025-06-09 14:57:56,212 - INFO - Request to https://www.amazon.com/s?k=danomatic+shirt+for+women&page=10 (Attempt 1/3, Proxy: None)
2025-06-09 14:57:57,597 - INFO - Found 4 product cards using selector: div[data-component-type="s-search-result"]
2025-06-09 14:57:57,665 - INFO - Found 11 product cards using selector: div.s-result-item[data-asin]
2025-06-09 14:57:57,753 - INFO - Found 3 product URLs on page 10
2025-06-09 14:57:57,753 - INFO - Processing search page 11/20
2025-06-09 14:57:57,753 - INFO - Request #13, waiting 14.0s
2025-06-09 14:58:24,268 - INFO - Request to https://www.amazon.com/s?k=danomatic+shirt+for+women&page=11 (Attempt 1/3, Proxy: None)
2025-06-09 14:58:25,760 - INFO - Found 4 product cards using selector: div[data-component-type="s-search-result"]
2025-06-09 14:58:25,842 - INFO - Found 11 product cards using selector: div.s-result-item[data-asin]
2025-06-09 14:58:25,943 - INFO - Found 3 product URLs on page 11
2025-06-09 14:58:25,943 - INFO - Processing search page 12/20
2025-06-09 14:58:25,943 - INFO - Request #14, waiting 12.7s
2025-06-09 14:58:43,237 - INFO - Request to https://www.amazon.com/s?k=danomatic+shirt+for+women&page=12 (Attempt 1/3, Proxy: None)
2025-06-09 14:58:44,887 - INFO - Found 6 product cards using selector: div[data-component-type="s-search-result"]
2025-06-09 14:58:44,972 - INFO - Found 15 product cards using selector: div.s-result-item[data-asin]
2025-06-09 14:58:45,102 - INFO - Found 4 product URLs on page 12
2025-06-09 14:58:45,103 - INFO - Processing search page 13/20
2025-06-09 14:58:45,103 - INFO - Request #15, waiting 14.9s
2025-06-09 14:59:07,008 - INFO - Request to https://www.amazon.com/s?k=danomatic+shirt+for+women&page=13 (Attempt 1/3, Proxy: None)
2025-06-09 14:59:08,631 - INFO - Found 6 product cards using selector: div[data-component-type="s-search-result"]
2025-06-09 14:59:08,722 - INFO - Found 13 product cards using selector: div.s-result-item[data-asin]
2025-06-09 14:59:08,846 - INFO - Found 9 product cards using selector: div[data-asin]:not([data-asin=""])
2025-06-09 14:59:08,950 - INFO - Found 15 product cards using selector: div[data-uuid]
2025-06-09 14:59:09,065 - INFO - Primary selectors failed, trying link-based extraction
2025-06-09 14:59:09,071 - INFO - Link extraction failed, trying ASIN-based extraction
2025-06-09 14:59:09,079 - INFO - Found 9 product URLs on page 13
2025-06-09 14:59:09,080 - INFO - Processing search page 14/20
2025-06-09 14:59:09,080 - INFO - Request #16, waiting 8.2s
2025-06-09 14:59:30,654 - INFO - Request to https://www.amazon.com/s?k=danomatic+shirt+for+women&page=14 (Attempt 1/3, Proxy: None)
2025-06-09 14:59:32,277 - INFO - Found 6 product cards using selector: div[data-component-type="s-search-result"]
2025-06-09 14:59:32,356 - INFO - Found 13 product cards using selector: div.s-result-item[data-asin]
2025-06-09 14:59:32,456 - INFO - Found 5 product URLs on page 14
2025-06-09 14:59:32,456 - INFO - Processing search page 15/20
2025-06-09 14:59:32,457 - INFO - Request #17, waiting 14.1s
2025-06-09 14:59:56,989 - INFO - Request to https://www.amazon.com/s?k=danomatic+shirt+for+women&page=15 (Attempt 1/3, Proxy: None)
2025-06-09 14:59:58,241 - INFO - Found 4 product cards using selector: div[data-component-type="s-search-result"]
2025-06-09 14:59:58,311 - INFO - Found 11 product cards using selector: div.s-result-item[data-asin]
2025-06-09 14:59:58,398 - INFO - Found 2 product URLs on page 15
2025-06-09 14:59:58,399 - INFO - Processing search page 16/20
2025-06-09 14:59:58,399 - INFO - Request #18, waiting 13.7s
2025-06-09 15:00:18,371 - INFO - Request to https://www.amazon.com/s?k=danomatic+shirt+for+women&page=16 (Attempt 1/3, Proxy: None)
2025-06-09 15:00:20,051 - INFO - Found 6 product cards using selector: div[data-component-type="s-search-result"]
2025-06-09 15:00:20,147 - INFO - Found 15 product cards using selector: div.s-result-item[data-asin]
2025-06-09 15:00:20,284 - INFO - Found 5 product URLs on page 16
2025-06-09 15:00:20,285 - INFO - Processing search page 17/20
2025-06-09 15:00:20,285 - INFO - Request #19, waiting 10.3s
2025-06-09 15:00:36,726 - INFO - Request to https://www.amazon.com/s?k=danomatic+shirt+for+women&page=17 (Attempt 1/3, Proxy: None)
2025-06-09 15:00:38,401 - INFO - Found 4 product cards using selector: div[data-component-type="s-search-result"]
2025-06-09 15:00:38,473 - INFO - Found 11 product cards using selector: div.s-result-item[data-asin]
2025-06-09 15:00:38,562 - INFO - Found 2 product URLs on page 17
2025-06-09 15:00:38,562 - INFO - Processing search page 18/20
2025-06-09 15:00:38,562 - INFO - Request #20, waiting 14.2s
2025-06-09 15:01:07,281 - INFO - Request to https://www.amazon.com/s?k=danomatic+shirt+for+women&page=18 (Attempt 1/3, Proxy: None)
2025-06-09 15:01:09,633 - INFO - Found 6 product cards using selector: div[data-component-type="s-search-result"]
2025-06-09 15:01:09,708 - INFO - Found 12 product cards using selector: div.s-result-item[data-asin]
2025-06-09 15:01:09,813 - INFO - Found 9 product cards using selector: div[data-asin]:not([data-asin=""])
2025-06-09 15:01:09,902 - INFO - Found 13 product cards using selector: div[data-uuid]
2025-06-09 15:01:09,994 - INFO - Primary selectors failed, trying link-based extraction
2025-06-09 15:01:10,000 - INFO - Link extraction failed, trying ASIN-based extraction
2025-06-09 15:01:10,006 - INFO - Found 9 product URLs on page 18
2025-06-09 15:01:10,007 - INFO - Processing search page 19/20
2025-06-09 15:01:10,007 - INFO - Request #21, waiting 8.6s
2025-06-09 15:01:30,163 - INFO - Request to https://www.amazon.com/s?k=danomatic+shirt+for+women&page=19 (Attempt 1/3, Proxy: None)
2025-06-09 15:01:32,206 - INFO - Found 6 product cards using selector: div[data-component-type="s-search-result"]
2025-06-09 15:01:32,288 - INFO - Found 15 product cards using selector: div.s-result-item[data-asin]
2025-06-09 15:01:32,412 - INFO - Found 5 product URLs on page 19
2025-06-09 15:01:32,412 - INFO - Processing search page 20/20
2025-06-09 15:01:32,412 - INFO - Request #22, waiting 11.3s
2025-06-09 15:01:48,834 - INFO - Request to https://www.amazon.com/s?k=danomatic+shirt+for+women&page=20 (Attempt 1/3, Proxy: None)
2025-06-09 15:01:50,640 - INFO - Found 6 product cards using selector: div[data-component-type="s-search-result"]
2025-06-09 15:01:50,728 - INFO - Found 14 product cards using selector: div.s-result-item[data-asin]
2025-06-09 15:01:50,850 - INFO - Found 4 product URLs on page 20
2025-06-09 15:01:50,850 - INFO - Total unique product URLs found: 84
2025-06-09 15:01:50,851 - INFO - Filtering advertisement URL: https://aax-us-iad.amazon.com/x/c/JB_zzjGgpNee1SzxybsXrD4AAA...
2025-06-09 15:01:50,851 - INFO - Extracted clean URL: https://www.amazon.com/dp/B0DK6YBRP7
2025-06-09 15:01:50,851 - INFO - Filtering advertisement URL: https://aax-us-iad.amazon.com/x/c/JCi9pYjDpreoBKehARyZ_n8AAA...
2025-06-09 15:01:50,851 - INFO - Extracted clean URL: https://www.amazon.com/dp/B0DK6YBRP7
2025-06-09 15:01:50,851 - INFO - Filtering advertisement URL: https://aax-us-iad.amazon.com/x/c/JMinEIdSN-BqdPNF32eio68AAA...
2025-06-09 15:01:50,852 - INFO - Extracted clean URL: https://www.amazon.com/dp/B097T3X1FT
2025-06-09 15:01:50,852 - INFO - Filtering advertisement URL: https://aax-us-iad.amazon.com/x/c/JDFT5xXG8pr8GjiyfckoKX4AAA...
2025-06-09 15:01:50,852 - INFO - Extracted clean URL: https://www.amazon.com/dp/B0DK6YBRP7
2025-06-09 15:01:50,852 - INFO - Filtering advertisement URL: https://aax-us-iad.amazon.com/x/c/JOOMqnuh_bq7TbvkLgyPICQAAA...
2025-06-09 15:01:50,852 - INFO - Extracted clean URL: https://www.amazon.com/dp/B0C9QCJMTM
2025-06-09 15:01:50,852 - INFO - Filtering advertisement URL: https://aax-us-iad.amazon.com/x/c/JLpIOB6rs4xZmrnFdHR6pOMAAA...
2025-06-09 15:01:50,852 - INFO - Extracted clean URL: https://www.amazon.com/dp/B0D6FM52JG
2025-06-09 15:01:50,853 - INFO - Filtering advertisement URL: https://aax-us-iad.amazon.com/x/c/JO3VPnsk3WyTVea3OePok0IAAA...
2025-06-09 15:01:50,853 - INFO - Extracted clean URL: https://www.amazon.com/dp/B09LQZNXR2
2025-06-09 15:01:50,853 - INFO - Filtering advertisement URL: https://aax-us-iad.amazon.com/x/c/JOx4YFS4xvFb9kMfda-M-KQAAA...
2025-06-09 15:01:50,853 - INFO - Extracted clean URL: https://www.amazon.com/dp/B09LQZNXR2
2025-06-09 15:01:50,853 - INFO - Filtering advertisement URL: https://aax-us-iad.amazon.com/x/c/JMz-Hi1DAtNliAfGtW2xjzoAAA...
2025-06-09 15:01:50,853 - INFO - Extracted clean URL: https://www.amazon.com/dp/B0DLBBWY4H
2025-06-09 15:01:50,853 - INFO - Filtering advertisement URL: https://aax-us-iad.amazon.com/x/c/JMNRp60D8uoZVwJEu6pmmSQAAA...
2025-06-09 15:01:50,853 - INFO - Extracted clean URL: https://www.amazon.com/dp/B09LQZNXR2
2025-06-09 15:01:50,854 - INFO - Filtering advertisement URL: https://aax-us-iad.amazon.com/x/c/JPSeGn4ARGCkTOuLw_KI1xsAAA...
2025-06-09 15:01:50,854 - INFO - Extracted clean URL: https://www.amazon.com/dp/B0DLBBWY4H
2025-06-09 15:01:50,854 - INFO - Filtering advertisement URL: https://aax-us-iad.amazon.com/x/c/JDz5E70QrzAzDkKGCR5evzYAAA...
2025-06-09 15:01:50,854 - INFO - Extracted clean URL: https://www.amazon.com/dp/B0DK6YBRP7
2025-06-09 15:01:50,854 - INFO - Filtering advertisement URL: https://aax-us-iad.amazon.com/x/c/JAmERC5w6b9CU9z3RNcnAXEAAA...
2025-06-09 15:01:50,854 - INFO - Extracted clean URL: https://www.amazon.com/dp/B0BWRX2JM9
2025-06-09 15:01:50,854 - INFO - Filtering advertisement URL: https://aax-us-iad.amazon.com/x/c/JDFT5xXG8pr8GjiyfckoKX4AAA...
2025-06-09 15:01:50,855 - INFO - Extracted clean URL: https://www.amazon.com/dp/B0DK6YBRP7
2025-06-09 15:01:50,855 - INFO - Filtering advertisement URL: https://aax-us-iad.amazon.com/x/c/JCoCO2DKR7kQL6jRlup7LnoAAA...
2025-06-09 15:01:50,855 - INFO - Extracted clean URL: https://www.amazon.com/dp/B0C7TY3PDT
2025-06-09 15:01:50,855 - INFO - Filtering advertisement URL: https://aax-us-iad.amazon.com/x/c/JBqw7u8IfuYIYj_QhAlnsZEAAA...
2025-06-09 15:01:50,855 - INFO - Extracted clean URL: https://www.amazon.com/dp/B0DGLSHW46
2025-06-09 15:01:50,855 - INFO - Filtering advertisement URL: https://aax-us-iad.amazon.com/x/c/JAmERC5w6b9CU9z3RNcnAXEAAA...
2025-06-09 15:01:50,856 - INFO - Extracted clean URL: https://www.amazon.com/dp/B08TQGX22Q
2025-06-09 15:01:50,856 - INFO - Filtering advertisement URL: https://aax-us-iad.amazon.com/x/c/JEXV_EodBPlERVIFn6Nb6GMAAA...
2025-06-09 15:01:50,856 - INFO - Extracted clean URL: https://www.amazon.com/dp/B0D6FM52JG
2025-06-09 15:01:50,856 - INFO - Filtering advertisement URL: https://aax-us-iad.amazon.com/x/c/JNIdYu-drhKZCXwBHTXPER4AAA...
2025-06-09 15:01:50,856 - INFO - Extracted clean URL: https://www.amazon.com/dp/B0DK6YBRP7
2025-06-09 15:01:50,856 - INFO - Filtering advertisement URL: https://aax-us-iad.amazon.com/x/c/JF1t0M4k01-NQhqs6ias6GwAAA...
2025-06-09 15:01:50,856 - INFO - Extracted clean URL: https://www.amazon.com/dp/B09LQZNXR2
2025-06-09 15:01:50,856 - INFO - Filtering advertisement URL: https://aax-us-iad.amazon.com/x/c/JPExI5YlSS6q9bCv-JTYI_UAAA...
2025-06-09 15:01:50,857 - INFO - Extracted clean URL: https://www.amazon.com/dp/B09LQZNXR2
2025-06-09 15:01:50,857 - INFO - Filtering advertisement URL: https://aax-us-iad.amazon.com/x/c/JGzvYC-5KJsI11V1sqkIvgMAAA...
2025-06-09 15:01:50,857 - INFO - Extracted clean URL: https://www.amazon.com/dp/B0CJM5ZKFX
2025-06-09 15:01:50,857 - INFO - Filtering advertisement URL: https://aax-us-iad.amazon.com/x/c/JGLS2LWezBmkphpgue42GYsAAA...
2025-06-09 15:01:50,857 - INFO - Extracted clean URL: https://www.amazon.com/dp/B085G4LZHW
2025-06-09 15:01:50,858 - INFO - Filtering advertisement URL: https://aax-us-iad.amazon.com/x/c/JH6sDPqKVAaXGTG5zQQ3_DEAAA...
2025-06-09 15:01:50,858 - INFO - Extracted clean URL: https://www.amazon.com/dp/B09LQZNXR2
2025-06-09 15:01:50,858 - INFO - Filtering advertisement URL: https://aax-us-iad.amazon.com/x/c/JP46vTgzNBO0MEnAdC0yFo4AAA...
2025-06-09 15:01:50,858 - INFO - Extracted clean URL: https://www.amazon.com/dp/B0C7TY3PDT
2025-06-09 15:01:50,858 - INFO - Filtering advertisement URL: https://aax-us-iad.amazon.com/x/c/JGzvYC-5KJsI11V1sqkIvgMAAA...
2025-06-09 15:01:50,858 - INFO - Extracted clean URL: https://www.amazon.com/dp/B0CJM5ZKFX
2025-06-09 15:01:50,858 - INFO - Filtering advertisement URL: https://aax-us-iad.amazon.com/x/c/JNLN9r9soIVpBxcHwl5V7F4AAA...
2025-06-09 15:01:50,858 - INFO - Extracted clean URL: https://www.amazon.com/dp/B0CJM5ZKFX
2025-06-09 15:01:50,859 - INFO - Filtering advertisement URL: https://aax-us-iad.amazon.com/x/c/JEx7G4otM-qCPGEr-ahQUg8AAA...
2025-06-09 15:01:50,859 - INFO - Extracted clean URL: https://www.amazon.com/dp/B0DK6YBRP7
2025-06-09 15:01:50,859 - INFO - Filtering advertisement URL: https://aax-us-iad.amazon.com/x/c/JOhUMslMsMR9Hfj6SB1wp1QAAA...
2025-06-09 15:01:50,859 - INFO - Extracted clean URL: https://www.amazon.com/dp/B0BWRX2JM9
2025-06-09 15:01:50,859 - INFO - Filtering advertisement URL: https://aax-us-iad.amazon.com/x/c/JEAgQCfG-URXfg4rv4Gt7jYAAA...
2025-06-09 15:01:50,859 - INFO - Extracted clean URL: https://www.amazon.com/dp/B0D6FM52JG
2025-06-09 15:01:50,859 - INFO - Filtering advertisement URL: https://aax-us-iad.amazon.com/x/c/JEAgQCfG-URXfg4rv4Gt7jYAAA...
2025-06-09 15:01:50,860 - INFO - Extracted clean URL: https://www.amazon.com/dp/B0D6FM52JG
2025-06-09 15:01:50,860 - INFO - Filtering advertisement URL: https://aax-us-iad.amazon.com/x/c/JP46vTgzNBO0MEnAdC0yFo4AAA...
2025-06-09 15:01:50,860 - INFO - Extracted clean URL: https://www.amazon.com/dp/B0C7TY3PDT
2025-06-09 15:01:50,860 - INFO - Filtering advertisement URL: https://aax-us-iad.amazon.com/x/c/JPyHu1l4wJPSfNhXAXux4wkAAA...
2025-06-09 15:01:50,860 - INFO - Extracted clean URL: https://www.amazon.com/dp/B0CJM5ZKFX
2025-06-09 15:01:50,860 - INFO - Filtering advertisement URL: https://aax-us-iad.amazon.com/x/c/JJZZuCW6QSNjLlnAt5P6YTwAAA...
2025-06-09 15:01:50,860 - INFO - Extracted clean URL: https://www.amazon.com/dp/B0DK6YBRP7
2025-06-09 15:01:50,861 - INFO - Filtering advertisement URL: https://aax-us-iad.amazon.com/x/c/JMz-Hi1DAtNliAfGtW2xjzoAAA...
2025-06-09 15:01:50,861 - INFO - Extracted clean URL: https://www.amazon.com/dp/B0DLBBWY4H
2025-06-09 15:01:50,861 - INFO - Filtering advertisement URL: https://aax-us-iad.amazon.com/x/c/JG-CSu5li-LgQKtrswMc8-cAAA...
2025-06-09 15:01:50,861 - INFO - Extracted clean URL: https://www.amazon.com/dp/B09LQZNXR2
2025-06-09 15:01:50,861 - INFO - Filtering advertisement URL: https://aax-us-iad.amazon.com/x/c/JPnG5f4OA_ej6fpGjKj8DU0AAA...
2025-06-09 15:01:50,861 - INFO - Extracted clean URL: https://www.amazon.com/dp/B09LQZNXR2
2025-06-09 15:01:50,861 - INFO - Filtering advertisement URL: https://aax-us-iad.amazon.com/x/c/JLpIOB6rs4xZmrnFdHR6pOMAAA...
2025-06-09 15:01:50,862 - INFO - Extracted clean URL: https://www.amazon.com/dp/B0D6FM52JG
2025-06-09 15:01:50,862 - INFO - Filtering advertisement URL: https://aax-us-iad.amazon.com/x/c/JDz5E70QrzAzDkKGCR5evzYAAA...
2025-06-09 15:01:50,862 - INFO - Extracted clean URL: https://www.amazon.com/dp/B0DK6YBRP7
2025-06-09 15:01:50,862 - INFO - Filtering advertisement URL: https://aax-us-iad.amazon.com/x/c/JOOMqnuh_bq7TbvkLgyPICQAAA...
2025-06-09 15:01:50,862 - INFO - Extracted clean URL: https://www.amazon.com/dp/B0C9QCJMTM
2025-06-09 15:01:50,862 - INFO - Filtering advertisement URL: https://aax-us-iad.amazon.com/x/c/JEx7G4otM-qCPGEr-ahQUg8AAA...
2025-06-09 15:01:50,862 - INFO - Extracted clean URL: https://www.amazon.com/dp/B0DK6YBRP7
2025-06-09 15:01:50,863 - INFO - Filtering advertisement URL: https://aax-us-iad.amazon.com/x/c/JB_zzjGgpNee1SzxybsXrD4AAA...
2025-06-09 15:01:50,863 - INFO - Extracted clean URL: https://www.amazon.com/dp/B0DK6YBRP7
2025-06-09 15:01:50,863 - INFO - Filtering advertisement URL: https://aax-us-iad.amazon.com/x/c/JEfiPwDTk5TaUJz05KXdqHQAAA...
2025-06-09 15:01:50,863 - INFO - Extracted clean URL: https://www.amazon.com/dp/B09LQZNXR2
2025-06-09 15:01:50,863 - INFO - Filtering advertisement URL: https://aax-us-iad.amazon.com/x/c/JAXepd40ayby9c7KD6ybM9oAAA...
2025-06-09 15:01:50,863 - INFO - Extracted clean URL: https://www.amazon.com/dp/B0BWRX2JM9
2025-06-09 15:01:50,863 - INFO - Filtering advertisement URL: https://aax-us-iad.amazon.com/x/c/JGLS2LWezBmkphpgue42GYsAAA...
2025-06-09 15:01:50,864 - INFO - Extracted clean URL: https://www.amazon.com/dp/B085G4LZHW
2025-06-09 15:01:50,864 - INFO - Filtering advertisement URL: https://aax-us-iad.amazon.com/x/c/JOhUMslMsMR9Hfj6SB1wp1QAAA...
2025-06-09 15:01:50,864 - INFO - Extracted clean URL: https://www.amazon.com/dp/B08TQGX22Q
2025-06-09 15:01:50,864 - INFO - Filtering advertisement URL: https://aax-us-iad.amazon.com/x/c/JAkNnfwGcow0eYkgild9bqgAAA...
2025-06-09 15:01:50,864 - INFO - Extracted clean URL: https://www.amazon.com/dp/B0CJM5ZKFX
2025-06-09 15:01:50,864 - INFO - Filtering advertisement URL: https://aax-us-iad.amazon.com/x/c/JHXPV183-HzeWCOAA7_J-yAAAA...
2025-06-09 15:01:50,864 - INFO - Extracted clean URL: https://www.amazon.com/dp/B0DK6YBRP7
2025-06-09 15:01:50,865 - INFO - Filtering advertisement URL: https://aax-us-iad.amazon.com/x/c/JHXPV183-HzeWCOAA7_J-yAAAA...
2025-06-09 15:01:50,865 - INFO - Extracted clean URL: https://www.amazon.com/dp/B0DK6YBRP7
2025-06-09 15:01:50,865 - INFO - Filtering advertisement URL: https://aax-us-iad.amazon.com/x/c/JF1t0M4k01-NQhqs6ias6GwAAA...
2025-06-09 15:01:50,865 - INFO - Extracted clean URL: https://www.amazon.com/dp/B09LQZNXR2
2025-06-09 15:01:50,865 - INFO - Filtering advertisement URL: https://aax-us-iad.amazon.com/x/c/JCoCO2DKR7kQL6jRlup7LnoAAA...
2025-06-09 15:01:50,865 - INFO - Extracted clean URL: https://www.amazon.com/dp/B0C7TY3PDT
2025-06-09 15:01:50,865 - INFO - Filtering advertisement URL: https://aax-us-iad.amazon.com/x/c/JH6sDPqKVAaXGTG5zQQ3_DEAAA...
2025-06-09 15:01:50,866 - INFO - Extracted clean URL: https://www.amazon.com/dp/B09LQZNXR2
2025-06-09 15:01:50,866 - INFO - Filtering advertisement URL: https://aax-us-iad.amazon.com/x/c/JByNUpxT5imu0xvpf7bT1acAAA...
2025-06-09 15:01:50,866 - INFO - Extracted clean URL: https://www.amazon.com/dp/B0CJM5ZKFX
2025-06-09 15:01:50,866 - INFO - Filtering advertisement URL: https://aax-us-iad.amazon.com/x/c/JPyHu1l4wJPSfNhXAXux4wkAAA...
2025-06-09 15:01:50,866 - INFO - Extracted clean URL: https://www.amazon.com/dp/B0CJM5ZKFX
2025-06-09 15:01:50,866 - INFO - Filtering advertisement URL: https://aax-us-iad.amazon.com/x/c/JBRU5dAZSEabguuhgp8jvzEAAA...
2025-06-09 15:01:50,866 - INFO - Extracted clean URL: https://www.amazon.com/dp/B0DK6YBRP7
2025-06-09 15:01:50,867 - INFO - Filtering advertisement URL: https://aax-us-iad.amazon.com/x/c/JF0GuGURmzsbwJfWFVNAUm0AAA...
2025-06-09 15:01:50,867 - INFO - Extracted clean URL: https://www.amazon.com/dp/B0DGLSHW46
2025-06-09 15:01:50,867 - INFO - Filtering advertisement URL: https://aax-us-iad.amazon.com/x/c/JBRU5dAZSEabguuhgp8jvzEAAA...
2025-06-09 15:01:50,867 - INFO - Extracted clean URL: https://www.amazon.com/dp/B0DK6YBRP7
2025-06-09 15:01:50,867 - INFO - Filtering advertisement URL: https://aax-us-iad.amazon.com/x/c/JByNUpxT5imu0xvpf7bT1acAAA...
2025-06-09 15:01:50,867 - INFO - Extracted clean URL: https://www.amazon.com/dp/B0CJM5ZKFX
2025-06-09 15:01:50,867 - INFO - Filtering advertisement URL: https://aax-us-iad.amazon.com/x/c/JCi9pYjDpreoBKehARyZ_n8AAA...
2025-06-09 15:01:50,868 - INFO - Extracted clean URL: https://www.amazon.com/dp/B0DK6YBRP7
2025-06-09 15:01:50,868 - INFO - Filtering advertisement URL: https://aax-us-iad.amazon.com/x/c/JPSeGn4ARGCkTOuLw_KI1xsAAA...
2025-06-09 15:01:50,868 - INFO - Extracted clean URL: https://www.amazon.com/dp/B0DLBBWY4H
2025-06-09 15:01:50,868 - INFO - Filtering advertisement URL: https://aax-us-iad.amazon.com/x/c/JEXV_EodBPlERVIFn6Nb6GMAAA...
2025-06-09 15:01:50,868 - INFO - Extracted clean URL: https://www.amazon.com/dp/B0D6FM52JG
2025-06-09 15:01:50,868 - INFO - Filtering advertisement URL: https://aax-us-iad.amazon.com/x/c/JAkNnfwGcow0eYkgild9bqgAAA...
2025-06-09 15:01:50,868 - INFO - Extracted clean URL: https://www.amazon.com/dp/B0CJM5ZKFX
2025-06-09 15:01:50,869 - INFO - Filtering advertisement URL: https://aax-us-iad.amazon.com/x/c/JNLN9r9soIVpBxcHwl5V7F4AAA...
2025-06-09 15:01:50,869 - INFO - Extracted clean URL: https://www.amazon.com/dp/B0CJM5ZKFX
2025-06-09 15:01:50,869 - INFO - Filtering advertisement URL: https://aax-us-iad.amazon.com/x/c/JNIdYu-drhKZCXwBHTXPER4AAA...
2025-06-09 15:01:50,869 - INFO - Extracted clean URL: https://www.amazon.com/dp/B0DK6YBRP7
2025-06-09 15:01:50,869 - INFO - Filtering advertisement URL: https://aax-us-iad.amazon.com/x/c/JF0GuGURmzsbwJfWFVNAUm0AAA...
2025-06-09 15:01:50,869 - INFO - Extracted clean URL: https://www.amazon.com/dp/B0DGLSHW46
2025-06-09 15:01:50,869 - INFO - Filtering advertisement URL: https://aax-us-iad.amazon.com/x/c/JJZZuCW6QSNjLlnAt5P6YTwAAA...
2025-06-09 15:01:50,870 - INFO - Extracted clean URL: https://www.amazon.com/dp/B0DK6YBRP7
2025-06-09 15:01:50,870 - INFO - Filtering advertisement URL: https://aax-us-iad.amazon.com/x/c/JAXepd40ayby9c7KD6ybM9oAAA...
2025-06-09 15:01:50,870 - INFO - Extracted clean URL: https://www.amazon.com/dp/B08TQGX22Q
2025-06-09 15:01:50,870 - INFO - Filtering advertisement URL: https://aax-us-iad.amazon.com/x/c/JBqw7u8IfuYIYj_QhAlnsZEAAA...
2025-06-09 15:01:50,870 - INFO - Extracted clean URL: https://www.amazon.com/dp/B0DGLSHW46
2025-06-09 15:01:50,870 - INFO - Filtered 0 advertisement URLs
2025-06-09 15:01:50,871 - INFO - Request #23, waiting 9.6s
2025-06-09 15:02:15,177 - INFO - Request to https://www.amazon.com/dp/B0DK6YBRP7 (Attempt 1/3, Proxy: None)
2025-06-09 15:02:22,172 - INFO - Request #24, waiting 14.2s
2025-06-09 15:02:51,811 - INFO - Request to https://www.amazon.com/dp/B0DK6YBRP7 (Attempt 1/3, Proxy: None)
2025-06-09 15:02:55,228 - INFO - Request #25, waiting 9.7s
2025-06-09 15:03:16,884 - INFO - Request to https://www.amazon.com/dp/B097T3X1FT (Attempt 1/3, Proxy: None)
2025-06-09 15:03:20,846 - INFO - Request #26, waiting 11.9s
2025-06-09 15:03:38,984 - INFO - Request to https://www.amazon.com/dp/B0DK6YBRP7 (Attempt 1/3, Proxy: None)
2025-06-09 15:03:43,055 - INFO - Request #27, waiting 11.1s
2025-06-09 15:04:09,839 - INFO - Request to https://www.amazon.com/dp/B0D4Z6N78T (Attempt 1/3, Proxy: None)
2025-06-09 15:04:13,503 - INFO - Request #28, waiting 9.5s
2025-06-09 15:04:27,648 - INFO - Request to https://www.amazon.com/dp/B08Q2YRTM1 (Attempt 1/3, Proxy: None)
2025-06-09 15:04:31,665 - INFO - Request #29, waiting 11.2s
2025-06-09 15:04:48,073 - INFO - Request to https://www.amazon.com/dp/B0C9QCJMTM (Attempt 1/3, Proxy: None)
2025-06-09 15:04:51,391 - INFO - Request #30, waiting 10.3s
2025-06-09 15:05:12,763 - INFO - Request to https://www.amazon.com/dp/B0D6FM52JG (Attempt 1/3, Proxy: None)
2025-06-09 15:05:16,539 - INFO - Request #31, waiting 13.4s
2025-06-09 15:05:41,056 - INFO - Request to https://www.amazon.com/dp/B09LQZNXR2 (Attempt 1/3, Proxy: None)
2025-06-09 15:05:44,928 - INFO - Request #32, waiting 12.3s
2025-06-09 15:06:02,175 - INFO - Request to https://www.amazon.com/dp/B09LQZNXR2 (Attempt 1/3, Proxy: None)
2025-06-09 15:06:05,890 - INFO - Request #33, waiting 12.8s
2025-06-09 15:06:33,305 - INFO - Request to https://www.amazon.com/dp/B0DLBBWY4H (Attempt 1/3, Proxy: None)
2025-06-09 15:06:36,963 - INFO - Request #34, waiting 9.3s
2025-06-09 15:07:01,693 - INFO - Request to https://www.amazon.com/dp/B09LQZNXR2 (Attempt 1/3, Proxy: None)
2025-06-09 15:07:05,505 - INFO - Request #35, waiting 11.4s
2025-06-09 15:07:30,484 - INFO - Request to https://www.amazon.com/dp/B0DLBBWY4H (Attempt 1/3, Proxy: None)
2025-06-09 15:07:34,865 - INFO - Request #36, waiting 13.5s
2025-06-09 15:07:54,211 - INFO - Request to https://www.amazon.com/dp/B0DK6YBRP7 (Attempt 1/3, Proxy: None)
2025-06-09 15:07:58,272 - INFO - Request #37, waiting 9.6s
2025-06-09 15:08:22,615 - INFO - Request to https://www.amazon.com/dp/B0BWRX2JM9 (Attempt 1/3, Proxy: None)
2025-06-09 15:08:26,577 - INFO - Request #38, waiting 14.4s
2025-06-09 15:08:54,188 - INFO - Request to https://www.amazon.com/dp/B0F6N8YX5G (Attempt 1/3, Proxy: None)
2025-06-09 15:08:56,998 - INFO - Request #39, waiting 14.6s
2025-06-09 15:09:21,421 - INFO - Request to https://www.amazon.com/dp/B0DK6YBRP7 (Attempt 1/3, Proxy: None)
2025-06-09 15:09:25,435 - INFO - Request #40, waiting 8.1s
2025-06-09 15:09:42,991 - INFO - Request to https://www.amazon.com/dp/B0C7TY3PDT (Attempt 1/3, Proxy: None)
2025-06-09 15:09:46,879 - INFO - Request #41, waiting 13.1s
2025-06-09 15:10:08,192 - INFO - Request to https://www.amazon.com/dp/B0DGLSHW46 (Attempt 1/3, Proxy: None)
2025-06-09 15:10:12,457 - INFO - Request #42, waiting 11.0s
2025-06-09 15:10:28,654 - INFO - Request to https://www.amazon.com/dp/B08TQGX22Q (Attempt 1/3, Proxy: None)
2025-06-09 15:10:32,597 - INFO - Request #43, waiting 11.1s
2025-06-09 15:10:50,848 - INFO - Request to https://www.amazon.com/dp/B09NJKS4XN (Attempt 1/3, Proxy: None)
2025-06-09 15:10:54,745 - INFO - Request #44, waiting 9.4s
2025-06-09 15:11:17,881 - INFO - Request to https://www.amazon.com/dp/B0D6FM52JG (Attempt 1/3, Proxy: None)
2025-06-09 15:11:21,171 - INFO - Request #45, waiting 8.2s
2025-06-09 15:11:35,179 - INFO - Request to https://www.amazon.com/dp/B0DK6YBRP7 (Attempt 1/3, Proxy: None)
2025-06-09 15:11:38,485 - INFO - Request #46, waiting 10.2s
2025-06-09 15:11:59,186 - INFO - Request to https://www.amazon.com/dp/B09LQZNXR2 (Attempt 1/3, Proxy: None)
2025-06-09 15:12:02,980 - INFO - Request #47, waiting 13.6s
2025-06-09 15:12:23,626 - INFO - Request to https://www.amazon.com/dp/B09LQZNXR2 (Attempt 1/3, Proxy: None)
2025-06-09 15:12:27,293 - INFO - Request #48, waiting 8.7s
2025-06-09 15:12:43,328 - INFO - Request to https://www.amazon.com/dp/B0F5QG2KLC (Attempt 1/3, Proxy: None)
2025-06-09 15:12:46,605 - INFO - Request #49, waiting 10.9s
2025-06-09 15:13:02,258 - INFO - Request to https://www.amazon.com/dp/B0CJM5ZKFX (Attempt 1/3, Proxy: None)
2025-06-09 15:13:05,610 - INFO - Request #50, waiting 13.1s
2025-06-09 15:13:32,423 - INFO - Request to https://www.amazon.com/dp/B085G4LZHW (Attempt 1/3, Proxy: None)
2025-06-09 15:13:36,705 - INFO - Request #51, waiting 11.3s
2025-06-09 15:13:53,399 - INFO - Request to https://www.amazon.com/dp/B09WV3C4TD (Attempt 1/3, Proxy: None)
2025-06-09 15:13:57,352 - INFO - Request #52, waiting 9.3s
2025-06-09 15:14:16,966 - INFO - Request to https://www.amazon.com/dp/B09LQZNXR2 (Attempt 1/3, Proxy: None)
2025-06-09 15:14:20,054 - INFO - Request #53, waiting 13.3s
2025-06-09 15:14:43,794 - INFO - Request to https://www.amazon.com/dp/B0C7TY3PDT (Attempt 1/3, Proxy: None)
2025-06-09 15:14:47,694 - INFO - Request #54, waiting 8.4s
2025-06-09 15:15:03,272 - INFO - Request to https://www.amazon.com/dp/B0CJM5ZKFX (Attempt 1/3, Proxy: None)
2025-06-09 15:15:06,787 - INFO - Request #55, waiting 9.1s
2025-06-09 15:15:21,317 - INFO - Request to https://www.amazon.com/dp/B0CJM5ZKFX (Attempt 1/3, Proxy: None)
2025-06-09 15:15:25,171 - INFO - Request #56, waiting 14.6s
2025-06-09 15:15:49,859 - INFO - Request to https://www.amazon.com/dp/B0DK6YBRP7 (Attempt 1/3, Proxy: None)
2025-06-09 15:15:53,865 - INFO - Request #57, waiting 12.6s
2025-06-09 15:16:19,445 - INFO - Request to https://www.amazon.com/dp/B0DSZB7PRS (Attempt 1/3, Proxy: None)
2025-06-09 15:16:22,976 - INFO - Request #58, waiting 11.1s
2025-06-09 15:16:48,231 - INFO - Request to https://www.amazon.com/dp/B0DY635BNZ (Attempt 1/3, Proxy: None)
2025-06-09 15:16:51,449 - INFO - Request #59, waiting 9.8s
2025-06-09 15:17:12,919 - INFO - Request to https://www.amazon.com/dp/B0BWRX2JM9 (Attempt 1/3, Proxy: None)
2025-06-09 15:17:17,598 - INFO - Request #60, waiting 13.6s
2025-06-09 15:17:39,730 - INFO - Request to https://www.amazon.com/dp/B0D6FM52JG (Attempt 1/3, Proxy: None)
2025-06-09 15:17:45,897 - INFO - Request #61, waiting 10.0s
2025-06-09 15:18:11,809 - INFO - Request to https://www.amazon.com/dp/B0D6FM52JG (Attempt 1/3, Proxy: None)
2025-06-09 15:18:15,054 - INFO - Request #62, waiting 13.9s
2025-06-09 15:18:39,582 - INFO - Request to https://www.amazon.com/dp/B0C7TY3PDT (Attempt 1/3, Proxy: None)
2025-06-09 15:18:43,619 - INFO - Request #63, waiting 10.0s
2025-06-09 15:19:02,056 - INFO - Request to https://www.amazon.com/dp/B0CJM5ZKFX (Attempt 1/3, Proxy: None)
2025-06-09 15:19:05,885 - INFO - Request #64, waiting 11.7s
2025-06-09 15:19:31,120 - INFO - Request to https://www.amazon.com/dp/B0DK6YBRP7 (Attempt 1/3, Proxy: None)
2025-06-09 15:19:35,703 - INFO - Request #65, waiting 10.3s
2025-06-09 15:19:54,710 - INFO - Request to https://www.amazon.com/dp/B0DLBBWY4H (Attempt 1/3, Proxy: None)
2025-06-09 15:19:57,910 - INFO - Request #66, waiting 11.8s
2025-06-09 15:20:21,723 - INFO - Request to https://www.amazon.com/dp/B09LQZNXR2 (Attempt 1/3, Proxy: None)
2025-06-09 15:20:24,993 - INFO - Request #67, waiting 9.7s
2025-06-09 15:20:40,140 - INFO - Request to https://www.amazon.com/dp/B09LQZNXR2 (Attempt 1/3, Proxy: None)
2025-06-09 15:20:43,160 - INFO - Request #68, waiting 8.6s
2025-06-09 15:21:03,922 - INFO - Request to https://www.amazon.com/dp/B0D6FM52JG (Attempt 1/3, Proxy: None)
2025-06-09 15:21:07,068 - INFO - Request #69, waiting 14.8s
2025-06-09 15:21:35,653 - INFO - Request to https://www.amazon.com/dp/B0DK6YBRP7 (Attempt 1/3, Proxy: None)
2025-06-09 15:21:40,215 - INFO - Request #70, waiting 10.0s
2025-06-09 15:22:02,385 - INFO - Request to https://www.amazon.com/dp/B0C9QCJMTM (Attempt 1/3, Proxy: None)
2025-06-09 15:22:06,239 - INFO - Request #71, waiting 11.4s
2025-06-09 15:22:25,941 - INFO - Request to https://www.amazon.com/dp/B0F37JKRKW (Attempt 1/3, Proxy: None)
2025-06-09 15:22:29,417 - INFO - Request #72, waiting 11.4s
2025-06-09 15:22:50,574 - INFO - Request to https://www.amazon.com/dp/B0DK6YBRP7 (Attempt 1/3, Proxy: None)
2025-06-09 15:22:53,980 - INFO - Request #73, waiting 11.0s
2025-06-09 15:23:16,221 - INFO - Request to https://www.amazon.com/dp/B0DK6YBRP7 (Attempt 1/3, Proxy: None)
2025-06-09 15:23:20,383 - INFO - Request #74, waiting 12.5s
2025-06-09 15:23:37,492 - INFO - Request to https://www.amazon.com/dp/B09LQZNXR2 (Attempt 1/3, Proxy: None)
2025-06-09 15:23:41,194 - INFO - Request #75, waiting 12.4s
2025-06-09 15:24:03,297 - INFO - Request to https://www.amazon.com/dp/B0BWRX2JM9 (Attempt 1/3, Proxy: None)
2025-06-09 15:24:07,226 - INFO - Request #76, waiting 10.5s
2025-06-09 15:24:23,671 - INFO - Request to https://www.amazon.com/dp/B085G4LZHW (Attempt 1/3, Proxy: None)
2025-06-09 15:24:27,909 - INFO - Request #77, waiting 13.3s
2025-06-09 15:24:51,486 - INFO - Request to https://www.amazon.com/dp/B08TQGX22Q (Attempt 1/3, Proxy: None)
2025-06-09 15:24:54,804 - INFO - Request #78, waiting 9.1s
2025-06-09 15:25:14,707 - INFO - Request to https://www.amazon.com/dp/B0CJM5ZKFX (Attempt 1/3, Proxy: None)
2025-06-09 15:25:18,824 - INFO - Request #79, waiting 14.3s
2025-06-09 15:25:47,438 - INFO - Request to https://www.amazon.com/dp/B0DK6YBRP7 (Attempt 1/3, Proxy: None)
2025-06-09 15:25:50,853 - INFO - Request #80, waiting 11.3s
2025-06-09 15:26:09,564 - INFO - Request to https://www.amazon.com/dp/B0DK6YBRP7 (Attempt 1/3, Proxy: None)
2025-06-09 15:26:14,443 - INFO - Request #81, waiting 14.8s
2025-06-09 15:26:41,683 - INFO - Request to https://www.amazon.com/dp/B09LQZNXR2 (Attempt 1/3, Proxy: None)
2025-06-09 15:26:45,383 - INFO - Request #82, waiting 9.8s
2025-06-09 15:27:07,213 - INFO - Request to https://www.amazon.com/dp/B0C7TY3PDT (Attempt 1/3, Proxy: None)
2025-06-09 15:27:11,927 - INFO - Request #83, waiting 8.1s
2025-06-09 15:27:32,843 - INFO - Request to https://www.amazon.com/dp/B09LQZNXR2 (Attempt 1/3, Proxy: None)
2025-06-09 15:27:36,468 - INFO - Request #84, waiting 14.3s
2025-06-09 15:28:03,168 - INFO - Request to https://www.amazon.com/dp/B0CYDHYD64 (Attempt 1/3, Proxy: None)
2025-06-09 15:28:07,627 - INFO - Request #85, waiting 11.6s
2025-06-09 15:28:30,554 - INFO - Request to https://www.amazon.com/dp/B0CJM5ZKFX (Attempt 1/3, Proxy: None)
2025-06-09 15:28:35,138 - INFO - Request #86, waiting 10.7s
2025-06-09 15:28:50,846 - INFO - Request to https://www.amazon.com/dp/B0CJM5ZKFX (Attempt 1/3, Proxy: None)
2025-06-09 15:28:54,101 - INFO - Request #87, waiting 12.0s
2025-06-09 15:29:20,063 - INFO - Request to https://www.amazon.com/dp/B0DK6YBRP7 (Attempt 1/3, Proxy: None)
2025-06-09 15:29:23,464 - INFO - Request #88, waiting 14.6s
2025-06-09 15:29:46,568 - INFO - Request to https://www.amazon.com/dp/B0DGLSHW46 (Attempt 1/3, Proxy: None)
2025-06-09 15:29:49,845 - INFO - Request #89, waiting 8.3s
2025-06-09 15:30:12,941 - INFO - Request to https://www.amazon.com/dp/B0DK6YBRP7 (Attempt 1/3, Proxy: None)
2025-06-09 15:30:16,225 - INFO - Request #90, waiting 10.7s
2025-06-09 15:30:41,144 - INFO - Request to https://www.amazon.com/dp/B0CJM5ZKFX (Attempt 1/3, Proxy: None)
2025-06-09 15:30:44,924 - INFO - Request #91, waiting 11.7s
2025-06-09 15:31:10,070 - INFO - Request to https://www.amazon.com/dp/B0DK6YBRP7 (Attempt 1/3, Proxy: None)
2025-06-09 15:31:14,141 - INFO - Request #92, waiting 13.8s
2025-06-09 15:31:40,825 - INFO - Request to https://www.amazon.com/dp/B0DLBBWY4H (Attempt 1/3, Proxy: None)
2025-06-09 15:31:44,105 - INFO - Request #93, waiting 8.5s
2025-06-09 15:32:07,673 - INFO - Request to https://www.amazon.com/dp/B0D6FM52JG (Attempt 1/3, Proxy: None)
2025-06-09 15:32:12,090 - INFO - Request #94, waiting 14.9s
2025-06-09 15:32:37,577 - INFO - Request to https://www.amazon.com/dp/B0CJM5ZKFX (Attempt 1/3, Proxy: None)
2025-06-09 15:32:40,707 - INFO - Request #95, waiting 12.4s
2025-06-09 15:32:59,790 - INFO - Request to https://www.amazon.com/dp/B0CJM5ZKFX (Attempt 1/3, Proxy: None)
2025-06-09 15:33:04,524 - INFO - Request #96, waiting 11.2s
2025-06-09 15:33:24,195 - INFO - Request to https://www.amazon.com/dp/B0BZCR6VD7 (Attempt 1/3, Proxy: None)
2025-06-09 15:33:28,229 - INFO - Request #97, waiting 9.0s
2025-06-09 15:33:43,702 - INFO - Request to https://www.amazon.com/dp/B00VJ8IJ4G (Attempt 1/3, Proxy: None)
2025-06-09 15:33:47,070 - INFO - Request #98, waiting 10.9s
2025-06-09 15:34:03,844 - INFO - Request to https://www.amazon.com/dp/B0DF52WPB4 (Attempt 1/3, Proxy: None)
2025-06-09 15:34:07,310 - INFO - Request #99, waiting 11.4s
2025-06-09 15:34:24,951 - INFO - Request to https://www.amazon.com/dp/B0DK6YBRP7 (Attempt 1/3, Proxy: None)
2025-06-09 15:34:28,376 - INFO - Request #100, waiting 10.5s
2025-06-09 15:34:54,718 - INFO - Request to https://www.amazon.com/dp/B0DGLSHW46 (Attempt 1/3, Proxy: None)
2025-06-09 15:34:58,609 - INFO - Request #101, waiting 12.5s
2025-06-09 15:35:18,645 - INFO - Request to https://www.amazon.com/dp/B0DMN1WNRG (Attempt 1/3, Proxy: None)
2025-06-09 15:35:21,621 - INFO - Request #102, waiting 11.8s
2025-06-09 15:35:41,915 - INFO - Request to https://www.amazon.com/dp/B0DK6YBRP7 (Attempt 1/3, Proxy: None)
2025-06-09 15:35:45,944 - INFO - Request #103, waiting 11.2s
2025-06-09 15:36:06,829 - INFO - Request to https://www.amazon.com/dp/B0F6N4RCCZ (Attempt 1/3, Proxy: None)
2025-06-09 15:36:09,699 - INFO - Request #104, waiting 11.8s
2025-06-09 15:36:26,068 - INFO - Request to https://www.amazon.com/dp/B08TQGX22Q (Attempt 1/3, Proxy: None)
2025-06-09 15:36:29,945 - INFO - Request #105, waiting 11.1s
2025-06-09 15:36:47,630 - INFO - Request to https://www.amazon.com/dp/B07984JN3L (Attempt 1/3, Proxy: None)
2025-06-09 15:36:48,881 - INFO - Request #106, waiting 10.1s
2025-06-09 15:37:09,153 - INFO - Request to https://www.amazon.com/dp/B0DGLSHW46 (Attempt 1/3, Proxy: None)
2025-06-09 15:37:12,596 - INFO - NumExpr defaulting to 12 threads.
